[program, reserved],
[simples, id],
[;, delimiter],
[var, reserved],
[entrada, id],
[,, delimiter],
[count, id],
[,, delimiter],
[pot, id],
[:, delimiter],
[integer, reserved],
[;, delimiter],
[a, id],
[,, delimiter],
[b, id],
[:, delimiter],
[boolean, reserved],
[;, delimiter],
[begin, reserved],
[a, id],
[:=, attribution],
[1, intnum],
[;, delimiter],
[b, id],
[:=, attribution],
[1, intnum],
[;, delimiter],
[pot, id],
[:=, attribution],
[1, intnum],
[;, delimiter],
[read, reserved],
[(, delimiter],
[entrada, id],
[), delimiter],
[;, delimiter],
[for, reserved],
[count, id],
[:=, attribution],
[0, intnum],
[to, reserved],
[entrada, id],
[do, reserved],
[begin, reserved],
[pot, id],
[:=, attribution],
[pot, id],
[*, operador],
[10, intnum],
[;, delimiter],
[end, reserved],
[;, delimiter],
[write, reserved],
[(, delimiter],
[pot, id],
[), delimiter],
[;, delimiter],
[end, reserved],
[., delimiter],
